Warning[205] F:\LABORATORIO_3.X\LAB_LCD.ASM 5 : Found directive in column 1. (CBLOCK)
Warning[205] F:\LABORATORIO_3.X\LAB_LCD.ASM 30 : Found directive in column 1. (ENDC)
Error[113]   F:\LABORATORIO_3.X\LAB_LCD.ASM 39 : Symbol not previously defined (ISR)
Warning[207] F:\LABORATORIO_3.X\LAB_LCD.ASM 42 : Found label after column 1. (MAIN)
Warning[207] F:\LABORATORIO_3.X\LAB_LCD.ASM 45 : Found label after column 1. (REINICIO_PROG)
Error[113]   F:\LABORATORIO_3.X\LAB_LCD.ASM 47 : Symbol not previously defined (M_BIENVENIDO)
Warning[207] F:\LABORATORIO_3.X\LAB_LCD.ASM 49 : Found label after column 1. (MS)
Error[113]   F:\LABORATORIO_3.X\LAB_LCD.ASM 51 : Symbol not previously defined (M_MENU_PRINP)
Warning[207] F:\LABORATORIO_3.X\LAB_LCD.ASM 53 : Found label after column 1. (START)
Warning[207] F:\LABORATORIO_3.X\LAB_LCD.ASM 59 : Found label after column 1. (INI_DESPLAZAMIENTO)
Warning[207] F:\LABORATORIO_3.X\LAB_LCD.ASM 64 : Found label after column 1. (DESPLAZAMIENTO)
Warning[203] F:\LABORATORIO_3.X\RETARDOS.INC 75 : Found opcode in column 1. (return)
Warning[207] F:\LABORATORIO_3.X\RETARDOS.INC 78 : Found label after column 1. (RET9ms)
Warning[207] F:\LABORATORIO_3.X\RETARDOS.INC 81 : Found label after column 1. (RET8ms)
Warning[207] F:\LABORATORIO_3.X\RETARDOS.INC 84 : Found label after column 1. (RET7ms)
Warning[207] F:\LABORATORIO_3.X\RETARDOS.INC 87 : Found label after column 1. (RET6ms)
Warning[207] F:\LABORATORIO_3.X\RETARDOS.INC 90 : Found label after column 1. (RET5ms)
Warning[207] F:\LABORATORIO_3.X\RETARDOS.INC 93 : Found label after column 1. (RET4ms)
Warning[207] F:\LABORATORIO_3.X\RETARDOS.INC 96 : Found label after column 1. (RET3ms)
Warning[207] F:\LABORATORIO_3.X\RETARDOS.INC 99 : Found label after column 1. (RET2ms)
Warning[207] F:\LABORATORIO_3.X\RETARDOS.INC 102 : Found label after column 1. (RET1ms)
Warning[207] F:\LABORATORIO_3.X\RETARDOS.INC 105 : Found label after column 1. (start_1ms)
Warning[203] F:\LABORATORIO_3.X\RETARDOS.INC 120 : Found opcode in column 1. (return)
Warning[207] F:\LABORATORIO_3.X\RETARDOS.INC 122 : Found label after column 1. (RET5s)
Warning[203] F:\LABORATORIO_3.X\RETARDOS.INC 138 : Found opcode in column 1. (return)
Message[302] F:\LABORATORIO_3.X\CONFIGURACION.INC 15 : Register in operand not in bank 0.  Ensure that bank bits are correct.
Message[302] F:\LABORATORIO_3.X\CONFIGURACION.INC 22 : Register in operand not in bank 0.  Ensure that bank bits are correct.
Message[302] F:\LABORATORIO_3.X\CONFIGURACION.INC 23 : Register in operand not in bank 0.  Ensure that bank bits are correct.
Message[302] F:\LABORATORIO_3.X\CONFIGURACION.INC 33 : Register in operand not in bank 0.  Ensure that bank bits are correct.
Message[302] F:\LABORATORIO_3.X\CONFIGURACION.INC 35 : Register in operand not in bank 0.  Ensure that bank bits are correct.
Message[302] F:\LABORATORIO_3.X\CONFIGURACION.INC 37 : Register in operand not in bank 0.  Ensure that bank bits are correct.
Message[302] F:\LABORATORIO_3.X\CONFIGURACION.INC 39 : Register in operand not in bank 0.  Ensure that bank bits are correct.
Warning[203] F:\LABORATORIO_3.X\CONFIGURACION.INC 63 : Found opcode in column 1. (RETURN)
Warning[203] F:\LABORATORIO_3.X\M_LCD.INC 25 : Found opcode in column 1. (RETURN)
Warning[203] F:\LABORATORIO_3.X\M_LCD.INC 49 : Found opcode in column 1. (RETURN)
Warning[203] F:\LABORATORIO_3.X\M_LCD.INC 62 : Found opcode in column 1. (RETURN)
Warning[203] F:\LABORATORIO_3.X\M_LCD.INC 76 : Found opcode in column 1. (RETURN)
Warning[203] F:\LABORATORIO_3.X\M_LCD.INC 102 : Found opcode in column 1. (RETURN)
Warning[203] F:\LABORATORIO_3.X\M_LCD.INC 108 : Found opcode in column 1. (RETURN)
Warning[203] F:\LABORATORIO_3.X\M_LCD.INC 113 : Found opcode in column 1. (RETURN)
Warning[203] F:\LABORATORIO_3.X\M_LCD.INC 119 : Found opcode in column 1. (RETURN)
Warning[203] F:\LABORATORIO_3.X\M_LCD.INC 125 : Found opcode in column 1. (RETURN)
Warning[203] F:\LABORATORIO_3.X\M_LCD.INC 130 : Found opcode in column 1. (RETURN)
Warning[203] F:\LABORATORIO_3.X\M_LCD.INC 135 : Found opcode in column 1. (RETURN)
Warning[207] F:\LABORATORIO_3.X\BANCO.INC 13 : Found label after column 1. (TAG_1)
Warning[207] F:\LABORATORIO_3.X\BANCO.INC 19 : Found label after column 1. (ING_CONTR_TAG_1)
Error[113]   F:\LABORATORIO_3.X\BANCO.INC 37 : Symbol not previously defined (M_CONTRASENA_INCORR)
Error[113]   F:\LABORATORIO_3.X\BANCO.INC 47 : Symbol not previously defined (M_BLOQUEO_BLOQUEO)
Warning[207] F:\LABORATORIO_3.X\BANCO.INC 60 : Found label after column 1. (TAG_1_1)
Error[113]   F:\LABORATORIO_3.X\BANCO.INC 61 : Symbol not previously defined (M_RETIRO)
Warning[207] F:\LABORATORIO_3.X\BANCO.INC 67 : Found label after column 1. (INI_DESPLAZAMIENTO_BANCO)
Warning[207] F:\LABORATORIO_3.X\BANCO.INC 122 : Found label after column 1. (ERRORES)
Error[113]   F:\LABORATORIO_3.X\BANCO.INC 125 : Symbol not previously defined (M_ERROR)
Warning[207] F:\LABORATORIO_3.X\BANCO.INC 132 : Found label after column 1. (CMD)
Warning[207] F:\LABORATORIO_3.X\BANCO.INC 146 : Found label after column 1. (RET_VAL)
Error[113]   F:\LABORATORIO_3.X\BANCO.INC 151 : Symbol not previously defined (M_INSUFICIENTE)
Warning[207] F:\LABORATORIO_3.X\BANCO.INC 157 : Found label after column 1. (RET_POSIBLE)
Error[113]   F:\LABORATORIO_3.X\BANCO.INC 158 : Symbol not previously defined (M_SATISFACTORIO)
Error[113]   F:\LABORATORIO_3.X\BANCO.INC 163 : Symbol not previously defined (M_PREFERIDO)
Warning[207] F:\LABORATORIO_3.X\BANCO.INC 168 : Found label after column 1. (DESPLAZAMIENTO_BANCO)
Warning[207] F:\LABORATORIO_3.X\BANCO.INC 173 : Found label after column 1. (END_TAG_1)
Warning[207] F:\LABORATORIO_3.X\BANCO.INC 180 : Found label after column 1. (TAG_2)
Warning[207] F:\LABORATORIO_3.X\BANCO.INC 186 : Found label after column 1. (ING_CONTR_TAG_2)
Error[113]   F:\LABORATORIO_3.X\BANCO.INC 204 : Symbol not previously defined (M_CONTRASENA_INCORR)
Error[113]   F:\LABORATORIO_3.X\BANCO.INC 214 : Symbol not previously defined (M_BLOQUEO_BLOQUEO)
Warning[207] F:\LABORATORIO_3.X\BANCO.INC 226 : Found label after column 1. (TAG_2_1)
Error[113]   F:\LABORATORIO_3.X\BANCO.INC 228 : Symbol not previously defined (M_SALDO)
Warning[207] F:\LABORATORIO_3.X\BANCO.INC 239 : Found label after column 1. (TAG_3)
Warning[207] F:\LABORATORIO_3.X\BANCO.INC 246 : Found label after column 1. (ING_CONTR_TAG_3)
Error[113]   F:\LABORATORIO_3.X\BANCO.INC 264 : Symbol not previously defined (M_CONTRASENA_INCORR)
Error[113]   F:\LABORATORIO_3.X\BANCO.INC 274 : Symbol not previously defined (M_BLOQUEO_BLOQUEO)
Warning[207] F:\LABORATORIO_3.X\BANCO.INC 287 : Found label after column 1. (TAG_3_1)
Error[113]   F:\LABORATORIO_3.X\BANCO.INC 291 : Symbol not previously defined (M_NUEVA_CONTR)
Warning[207] F:\LABORATORIO_3.X\BANCO.INC 293 : Found label after column 1. (HAB_BANCO)
Warning[207] F:\LABORATORIO_3.X\BANCO.INC 297 : Found label after column 1. (SET_INSTRUCT_BANCO)
Error[113]   F:\LABORATORIO_3.X\BANCO.INC 313 : Symbol not previously defined (M_CAMB_CONTR)
Warning[207] F:\LABORATORIO_3.X\BANCO.INC 319 : Found label after column 1. (CAM_CONTR_INV)
Error[113]   F:\LABORATORIO_3.X\BANCO.INC 320 : Symbol not previously defined (M_CAMB_CONTR_ERR)
Warning[207] F:\LABORATORIO_3.X\BANCO.INC 330 : Found label after column 1. (ATRAS_BANCO)
Warning[207] F:\LABORATORIO_3.X\BANCO.INC 349 : Found label after column 1. (DATO_ING_BANCO)
Warning[207] F:\LABORATORIO_3.X\BANCO.INC 357 : Found label after column 1. (END_TAG_3)
Warning[207] F:\LABORATORIO_3.X\BANCO.INC 365 : Found label after column 1. (DEFAULT)
Error[113]   F:\LABORATORIO_3.X\BANCO.INC 368 : Symbol not previously defined (M_ERROR)
Warning[207] F:\LABORATORIO_3.X\BANCO.INC 379 : Found label after column 1. (INGRESO_CONTRASENA)
Error[113]   F:\LABORATORIO_3.X\BANCO.INC 380 : Symbol not previously defined (M_INGRESE_CONTR)
Warning[207] F:\LABORATORIO_3.X\BANCO.INC 382 : Found label after column 1. (HAB)
Warning[207] F:\LABORATORIO_3.X\BANCO.INC 386 : Found label after column 1. (SET_INSTRUCT)
Warning[207] F:\LABORATORIO_3.X\BANCO.INC 391 : Found label after column 1. (ATRAS)
Warning[207] F:\LABORATORIO_3.X\BANCO.INC 404 : Found label after column 1. (DATO_ING)
Warning[207] F:\LABORATORIO_3.X\BANCO.INC 427 : Found label after column 1. (INICIO_CONTR)
Warning[207] F:\LABORATORIO_3.X\BANCO.INC 462 : Found label after column 1. (TEMP)
Warning[203] F:\LABORATORIO_3.X\BANCO.INC 471 : Found opcode in column 1. (RETURN)
Warning[203] F:\LABORATORIO_3.X\BANCO.INC 524 : Found opcode in column 1. (RETURN)
